<?xml version="1.0" encoding="UTF-8"?>
<testsuite xmlns:xsi="http://www.w3.org/2001/XMLSchema-instance" xsi:noNamespaceSchemaLocation="https://maven.apache.org/surefire/maven-surefire-plugin/xsd/surefire-test-report-3.0.xsd" version="3.0" name="com.banco.cuenta.controller.ReporteControllerIntegrationTest" time="1.57" tests="3" errors="0" skipped="0" failures="0">
  <properties>
[...]
</properties>
  <testcase name="testGetReporteEstadoCuentaClienteInexistente" classname="com.banco.cuenta.controller.ReporteControllerIntegrationTest" time="0.062">
    <system-out><![CDATA[2025-04-26T19:29:00.867-06:00  INFO 44804 --- [           main] t.c.s.AnnotationConfigContextLoaderUtils : Could not detect default configuration classes for test class [com.banco.cuenta.controller.ReporteControllerIntegrationTest]: ReporteControllerIntegrationTest does not declare any static, non-private, non-final, nested classes annotated with @Configuration.
2025-04-26T19:29:00.878-06:00  INFO 44804 --- [           main] .b.t.c.SpringBootTestContextBootstrapper : Found @SpringBootConfiguration com.banco.cuenta.CuentaServiceApplication for test class com.banco.cuenta.controller.ReporteControllerIntegrationTest

  .   ____          _            __ _ _
 /\\ / ___'_ __ _ _(_)_ __  __ _ \ \ \ \
( ( )\___ | '_ | '_| | '_ \/ _` | \ \ \ \
 \\/  ___)| |_)| | | | | || (_| |  ) ) ) )
  '  |____| .__|_| |_|_| |_\__, | / / / /
 =========|_|==============|___/=/_/_/_/
 :: Spring Boot ::                (v3.1.5)

2025-04-26T19:29:01.981-06:00  INFO 44804 --- [           main] c.b.c.c.ReporteControllerIntegrationTest : Starting ReporteControllerIntegrationTest using Java 21.0.6 with PID 44804 (started by sergi in C:\Users\sergi\CascadeProjects\banco-microservices\cuenta-service)
2025-04-26T19:29:01.981-06:00  INFO 44804 --- [           main] c.b.c.c.ReporteControllerIntegrationTest : The following 1 profile is active: "test"
2025-04-26T19:29:02.010-06:00 DEBUG 44804 --- [           main] o.s.c.a.ClassPathBeanDefinitionScanner   : Identified candidate component class: file [C:\Users\sergi\CascadeProjects\banco-microservices\cuenta-service\target\classes\com\banco\cuenta\controller\ReporteController.class]
2025-04-26T19:29:02.017-06:00 DEBUG 44804 --- [           main] o.s.c.a.ClassPathBeanDefinitionScanner   : Identified candidate component class: file [C:\Users\sergi\CascadeProjects\banco-microservices\cuenta-service\target\classes\com\banco\cuenta\exception\GlobalExceptionHandler.class]
2025-04-26T19:29:02.329-06:00  INFO 44804 --- [           main] o.s.b.t.m.w.SpringBootMockServletContext : Initializing Spring TestDispatcherServlet ''
2025-04-26T19:29:02.330-06:00  INFO 44804 --- [           main] o.s.t.web.servlet.TestDispatcherServlet  : Initializing Servlet ''
2025-04-26T19:29:02.330-06:00  INFO 44804 --- [           main] o.s.t.web.servlet.TestDispatcherServlet  : Completed initialization in 0 ms
2025-04-26T19:29:02.334-06:00 DEBUG 44804 --- [           main] o.s.c.support.DefaultLifecycleProcessor  : Starting beans in phase -2147483647
2025-04-26T19:29:02.335-06:00 DEBUG 44804 --- [           main] o.s.c.support.DefaultLifecycleProcessor  : Successfully started bean 'springBootLoggingLifecycle'
2025-04-26T19:29:02.336-06:00  INFO 44804 --- [           main] c.b.c.c.ReporteControllerIntegrationTest : Started ReporteControllerIntegrationTest in 1.452 seconds (process running for 7.875)
]]></system-out>
  </testcase>
  <testcase name="testGetReporteEstadoCuenta" classname="com.banco.cuenta.controller.ReporteControllerIntegrationTest" time="0.02"/>
  <testcase name="testGetReporteEstadoCuentaSinMovimientos" classname="com.banco.cuenta.controller.ReporteControllerIntegrationTest" time="0.007"/>
</testsuite>